<?xml version="1.0" encoding="UTF-8"?>
<!-- Generated by org.testng.reporters.JUnitXMLReporter -->
<testsuite hostname="w3161800" ignored="0" name="Default test" tests="7" failures="0" timestamp="28 ago 2018 22:51:13 GMT" time="56.645" errors="0">
  <testcase name="testDataDrivenExcel" time="2.43" classname="test.datadriven.WikipediaTest"/>
  <testcase name="testDataDrivenExcel" time="2.451" classname="test.datadriven.WikipediaTest"/>
  <testcase name="testDataDrivenExcel" time="2.765" classname="test.datadriven.WikipediaTest"/>
  <testcase name="testDataDrivenExcel" time="2.494" classname="test.datadriven.WikipediaTest"/>
  <testcase name="testDataDrivenExcel" time="2.727" classname="test.datadriven.WikipediaTest"/>
  <testcase name="testDataDrivenExcel" time="2.76" classname="test.datadriven.WikipediaTest"/>
  <testcase name="testDataDrivenExcel" time="3.913" classname="test.datadriven.WikipediaTest"/>
</testsuite> <!-- Default test -->
