<?xml version="1.0" encoding="UTF-8"?>
<testng-results skipped="0" failed="0" ignored="0" total="7" passed="7">
  <reporter-output>
  </reporter-output>
  <suite name="Default suite" duration-ms="23234" started-at="2018-08-29T00:49:30Z" finished-at="2018-08-29T00:49:53Z">
    <groups>
    </groups>
    <test name="Default test" duration-ms="23234" started-at="2018-08-29T00:49:30Z" finished-at="2018-08-29T00:49:53Z">
      <class name="test.datadriven.WikipediaTest">
        <test-method status="PASS" signature="beforeMethod()[pri:0, instance:test.datadriven.WikipediaTest@42d80b78]" name="beforeMethod" is-config="true" duration-ms="6256" started-at="2018-08-29T00:49:30Z" finished-at="2018-08-29T00:49:36Z">
          <reporter-output>
          </reporter-output>
        </test-method> <!-- beforeMethod -->
        <test-method status="PASS" signature="testDataDrivenExcel(java.lang.String)[pri:0, instance:test.datadriven.WikipediaTest@42d80b78]" name="testDataDrivenExcel" duration-ms="2355" started-at="2018-08-29T00:49:36Z" data-provider="dbPaises" finished-at="2018-08-29T00:49:39Z">
          <params>
            <param index="0">
              <value>
                <![CDATA[Argentina]]>
              </value>
            </param>
          </params>
          <reporter-output>
          </reporter-output>
        </test-method> <!-- testDataDrivenExcel -->
        <test-method status="PASS" signature="testDataDrivenExcel(java.lang.String)[pri:0, instance:test.datadriven.WikipediaTest@42d80b78]" name="testDataDrivenExcel" duration-ms="2072" started-at="2018-08-29T00:49:39Z" data-provider="dbPaises" finished-at="2018-08-29T00:49:41Z">
          <params>
            <param index="0">
              <value>
                <![CDATA[Brazil]]>
              </value>
            </param>
          </params>
          <reporter-output>
          </reporter-output>
        </test-method> <!-- testDataDrivenExcel -->
        <test-method status="PASS" signature="testDataDrivenExcel(java.lang.String)[pri:0, instance:test.datadriven.WikipediaTest@42d80b78]" name="testDataDrivenExcel" duration-ms="1974" started-at="2018-08-29T00:49:41Z" data-provider="dbPaises" finished-at="2018-08-29T00:49:43Z">
          <params>
            <param index="0">
              <value>
                <![CDATA[Uruguay]]>
              </value>
            </param>
          </params>
          <reporter-output>
          </reporter-output>
        </test-method> <!-- testDataDrivenExcel -->
        <test-method status="PASS" signature="testDataDrivenExcel(java.lang.String)[pri:0, instance:test.datadriven.WikipediaTest@42d80b78]" name="testDataDrivenExcel" duration-ms="2055" started-at="2018-08-29T00:49:43Z" data-provider="dbPaises" finished-at="2018-08-29T00:49:45Z">
          <params>
            <param index="0">
              <value>
                <![CDATA[Sri Lanka]]>
              </value>
            </param>
          </params>
          <reporter-output>
          </reporter-output>
        </test-method> <!-- testDataDrivenExcel -->
        <test-method status="PASS" signature="testDataDrivenExcel(java.lang.String)[pri:0, instance:test.datadriven.WikipediaTest@42d80b78]" name="testDataDrivenExcel" duration-ms="2496" started-at="2018-08-29T00:49:45Z" data-provider="dbPaises" finished-at="2018-08-29T00:49:47Z">
          <params>
            <param index="0">
              <value>
                <![CDATA[England]]>
              </value>
            </param>
          </params>
          <reporter-output>
          </reporter-output>
        </test-method> <!-- testDataDrivenExcel -->
        <test-method status="PASS" signature="testDataDrivenExcel(java.lang.String)[pri:0, instance:test.datadriven.WikipediaTest@42d80b78]" name="testDataDrivenExcel" duration-ms="1455" started-at="2018-08-29T00:49:47Z" data-provider="dbPaises" finished-at="2018-08-29T00:49:49Z">
          <params>
            <param index="0">
              <value>
                <![CDATA[Paraguay]]>
              </value>
            </param>
          </params>
          <reporter-output>
          </reporter-output>
        </test-method> <!-- testDataDrivenExcel -->
        <test-method status="PASS" signature="testDataDrivenExcel(java.lang.String)[pri:0, instance:test.datadriven.WikipediaTest@42d80b78]" name="testDataDrivenExcel" duration-ms="2464" started-at="2018-08-29T00:49:49Z" data-provider="dbPaises" finished-at="2018-08-29T00:49:51Z">
          <params>
            <param index="0">
              <value>
                <![CDATA[United States]]>
              </value>
            </param>
          </params>
          <reporter-output>
          </reporter-output>
        </test-method> <!-- testDataDrivenExcel -->
        <test-method status="PASS" signature="afterMethod()[pri:0, instance:test.datadriven.WikipediaTest@42d80b78]" name="afterMethod" is-config="true" duration-ms="1892" started-at="2018-08-29T00:49:51Z" finished-at="2018-08-29T00:49:53Z">
          <reporter-output>
          </reporter-output>
        </test-method> <!-- afterMethod -->
      </class> <!-- test.datadriven.WikipediaTest -->
    </test> <!-- Default test -->
  </suite> <!-- Default suite -->
</testng-results>
